<?xml version="1.0" encoding="UTF-8"?>
<testsuite name="TestCases1.EditGroupTest" tests="1" skipped="0" failures="0" errors="0" timestamp="2018-02-09T06:19:41" hostname="s-puyandaykin-n" time="2.024">
  <properties/>
  <testcase name="testEditFirstGroup" classname="TestCases1.EditGroupTest" time="2.024"/>
  <system-out><![CDATA[]]></system-out>
  <system-err><![CDATA[]]></system-err>
</testsuite>
