<?xml version="1.0" encoding="UTF-8"?>
<testsuite name="TestCases1.AddNewGroupTest" tests="1" skipped="0" failures="0" errors="0" timestamp="2018-02-09T06:19:44" hostname="s-puyandaykin-n" time="1.392">
  <properties/>
  <testcase name="testAddNewGroup" classname="TestCases1.AddNewGroupTest" time="1.392"/>
  <system-out><![CDATA[]]></system-out>
  <system-err><![CDATA[]]></system-err>
</testsuite>
