<?xml version="1.0" encoding="UTF-8"?>
<testsuite name="TestCases1.DeleteContactTest" tests="1" skipped="0" failures="0" errors="0" timestamp="2018-02-09T06:52:51" hostname="s-puyandaykin-n" time="3.503">
  <properties/>
  <testcase name="testDeleteFirstContact" classname="TestCases1.DeleteContactTest" time="3.503"/>
  <system-out><![CDATA[]]></system-out>
  <system-err><![CDATA[]]></system-err>
</testsuite>
