<?xml version="1.0" encoding="UTF-8"?>
<testsuite name="TestCases1.AddNewContactTest" tests="1" skipped="0" failures="0" errors="0" timestamp="2018-02-09T07:14:48" hostname="s-puyandaykin-n" time="4.952">
  <properties/>
  <testcase name="testAddNewContact" classname="TestCases1.AddNewContactTest" time="4.952"/>
  <system-out><![CDATA[]]></system-out>
  <system-err><![CDATA[]]></system-err>
</testsuite>
